<?xml version="1.0" encoding="UTF-8"?>
<robot generator="Robot 3.2.1 (Python 3.8.5 on win32)" generated="20201006 16:51:52.200" rpa="false">
<suite id="s1" name="ReProjectResources" source="C:\Users\user\Desktop\pratiquerobotframework\ReProjectResources">
<suite id="s1-s1" name="TestCases" source="C:\Users\user\Desktop\pratiquerobotframework\ReProjectResources\TestCases">
<suite id="s1-s1-s1" name="KeywordsTestSuite1" source="C:\Users\user\Desktop\pratiquerobotframework\ReProjectResources\TestCases\KeywordsTestSuite1.robot">
<test id="s1-s1-s1-t1" name="CT_001">
<kw name="Open Browser and maximize" library="Resource1">
<kw name="Open Browser" library="SeleniumLibrary">
<doc>Opens a new browser instance to the optional ``url``.</doc>
<arguments>
<arg>${url}</arg>
<arg>${Browser}</arg>
</arguments>
<msg timestamp="20201006 16:51:52.704" level="INFO">Opening browser 'gc' to base url '= https://opensource-demo.orangehrmlive.com/'.</msg>
<kw name="Capture Page Screenshot" library="SeleniumLibrary">
<doc>Takes a screenshot of the current page and embeds it into a log file.</doc>
<msg timestamp="20201006 16:51:56.694" level="INFO" html="yes">&lt;/td&gt;&lt;/tr&gt;&lt;tr&gt;&lt;td colspan="3"&gt;&lt;a href="selenium-screenshot-1.png"&gt;&lt;img src="selenium-screenshot-1.png" width="800px"&gt;&lt;/a&gt;</msg>
<status status="PASS" starttime="20201006 16:51:56.344" endtime="20201006 16:51:56.694"></status>
</kw>
<msg timestamp="20201006 16:51:56.767" level="FAIL">InvalidArgumentException: Message: invalid argument
  (Session info: chrome=85.0.4183.121)
</msg>
<status status="FAIL" starttime="20201006 16:51:52.703" endtime="20201006 16:51:56.767"></status>
</kw>
<status status="FAIL" starttime="20201006 16:51:52.702" endtime="20201006 16:51:56.768"></status>
</kw>
<status status="FAIL" starttime="20201006 16:51:52.701" endtime="20201006 16:51:56.768" critical="yes">InvalidArgumentException: Message: invalid argument
  (Session info: chrome=85.0.4183.121)
</status>
</test>
<status status="FAIL" starttime="20201006 16:51:52.309" endtime="20201006 16:51:56.770"></status>
</suite>
<status status="FAIL" starttime="20201006 16:51:52.301" endtime="20201006 16:51:56.773"></status>
</suite>
<status status="FAIL" starttime="20201006 16:51:52.254" endtime="20201006 16:51:56.776"></status>
</suite>
<statistics>
<total>
<stat pass="0" fail="1">Critical Tests</stat>
<stat pass="0" fail="1">All Tests</stat>
</total>
<tag>
</tag>
<suite>
<stat pass="0" fail="1" id="s1" name="ReProjectResources">ReProjectResources</stat>
<stat pass="0" fail="1" id="s1-s1" name="TestCases">ReProjectResources.TestCases</stat>
<stat pass="0" fail="1" id="s1-s1-s1" name="KeywordsTestSuite1">ReProjectResources.TestCases.KeywordsTestSuite1</stat>
</suite>
</statistics>
<errors>
</errors>
</robot>
